<?xml version="1.0" encoding="UTF-8"?>
<!-- Generated by org.testng.reporters.JUnitReportReporter -->
<testsuite name="TestCases.TC_01" tests="1" time="25.855" ignored="0" failures="0" timestamp="11 Jun 2018 09:19:07 GMT" skipped="0" hostname="user-PC" errors="0">
  <testcase name="testcase" time="25.855" classname="TestCases.TC_01"/>
</testsuite> <!-- TestCases.TC_01 -->
